<?xml version="1.0" encoding="UTF-8"?><testsuite errors="0" failures="1" name="test.junit.features.search.SearchOnImdbTest" skipped="0" tests="1" time="13.33" timestamp="2015-06-171 06:11:22"><testcase classname="test.junit.features.search.SearchOnImdbTest" name="Search by keyword"><failure message="&#10;Expecting:&#10; &lt;&quot;Act Super Naturally&quot;&gt;&#10;to contain:&#10; &lt;&quot;supernatural&quot;&gt;&#10; (ignoring case)" type="java.lang.AssertionError">
Expecting:
 &lt;"Act Super Naturally"&gt;
to contain:
 &lt;"supernatural"&gt;
 (ignoring case)</failure><system-err>
Expecting:
 &lt;"Act Super Naturally"&gt;
to contain:
 &lt;"supernatural"&gt;
 (ignoring case)&#13;
test.junit.steps.search.SearchSteps.verifyIfSearchResultsContain(SearchSteps.java:37)&#13;
test.junit.features.search.SearchOnImdbTest.searchByKeyword(SearchOnImdbTest.java:43)&#13;
</system-err></testcase></testsuite>