<?xml version="1.0" encoding="UTF-8" ?>
<testsuite tests="1" failures="1" name="test.junit.features.search.SearchOnImdbTest" time="13.332" errors="0" skipped="0">
  <properties>
[...]
</properties>
  <testcase classname="test.junit.features.search.SearchOnImdbTest" name="searchByKeyword" time="13.332">
    <failure type="java.lang.AssertionError">java.lang.AssertionError
	at test.junit.steps.search.SearchSteps.verifyIfSearchResultsContain(SearchSteps.java:37)
	at test.junit.features.search.SearchOnImdbTest.searchByKeyword(SearchOnImdbTest.java:43)
</failure>
    <system-out>java.lang.AssertionError
</system-out>
    <system-err>25767 [main] INFO net.thucydides.core.reports.ReportService - Reporting formats: [JSON, XML, HTML]
25768 [main] INFO net.thucydides.core.reports.ReportService - Found reporter: net.thucydides.core.reports.xml.XMLTestOutcomeReporter@1921994e(format = Optional.of(XML))
25768 [main] INFO net.thucydides.core.reports.ReportService - Registering reporter: net.thucydides.core.reports.xml.XMLTestOutcomeReporter@1921994e
25768 [main] INFO net.thucydides.core.reports.ReportService - Found reporter: net.thucydides.core.reports.json.JSONTestOutcomeReporter@43c87306(format = Optional.of(JSON))
25768 [main] INFO net.thucydides.core.reports.ReportService - Registering reporter: net.thucydides.core.reports.json.JSONTestOutcomeReporter@43c87306
25768 [main] INFO net.thucydides.core.reports.ReportService - Found reporter: net.thucydides.core.reports.html.HtmlAcceptanceTestReporter@14f40030(format = Optional.of(HTML))
25768 [main] INFO net.thucydides.core.reports.ReportService - Registering reporter: net.thucydides.core.reports.html.HtmlAcceptanceTestReporter@14f40030
25769 [main] INFO net.thucydides.core.reports.ReportService - Generating reports using: net.thucydides.core.reports.xml.XMLTestOutcomeReporter@1921994e
25769 [main] INFO net.thucydides.core.reports.junit.JUnitXMLOutcomeReporter - GENERATING JUNIT REPORTS
25769 [main] INFO net.thucydides.core.reports.junit.JUnitXMLOutcomeReporter - GENERATING JUNIT REPORT SERENITY-JUNIT-260479227b297e5cbbe19b86aa0233521b84a169e7c9f70ea2005993281a53ca.xml
25770 [pool-4-thread-1] INFO net.thucydides.core.reports.ReportService - Processing test outcome Regiter to imdb test:tegisterToImdb
25770 [pool-4-thread-1] INFO net.thucydides.core.reports.ReportService - net.thucydides.core.reports.xml.XMLTestOutcomeReporter@1921994e: Generating report for test outcome: Regiter to imdb test:tegisterToImdb
25774 [pool-4-thread-1] INFO net.thucydides.core.reports.xml.XMLTestOutcomeReporter - Generating XML report for Tegister to imdb to file D:\workshop\ws1\WS1\target\site\serenity\260479227b297e5cbbe19b86aa0233521b84a169e7c9f70ea2005993281a53ca.xml
25775 [pool-4-thread-1] INFO net.thucydides.core.reports.xml.XMLTestOutcomeReporter - XML report generated (D:\workshop\ws1\WS1\target\site\serenity\260479227b297e5cbbe19b86aa0233521b84a169e7c9f70ea2005993281a53ca.xml bytes) 1031
25779 [pool-4-thread-1] INFO net.thucydides.core.reports.ReportService - Report generated for Regiter to imdb test:tegisterToImdb
25828 [main] INFO net.thucydides.core.reports.ReportService - Reports generated in: 59
25828 [main] INFO net.thucydides.core.reports.ReportService - Generating reports using: net.thucydides.core.reports.json.JSONTestOutcomeReporter@43c87306
25828 [main] INFO net.thucydides.core.reports.junit.JUnitXMLOutcomeReporter - GENERATING JUNIT REPORTS
25828 [pool-5-thread-1] INFO net.thucydides.core.reports.ReportService - Processing test outcome Regiter to imdb test:tegisterToImdb
25828 [main] INFO net.thucydides.core.reports.junit.JUnitXMLOutcomeReporter - GENERATING JUNIT REPORT SERENITY-JUNIT-260479227b297e5cbbe19b86aa0233521b84a169e7c9f70ea2005993281a53ca.xml
25828 [pool-5-thread-1] INFO net.thucydides.core.reports.ReportService - net.thucydides.core.reports.json.JSONTestOutcomeReporter@43c87306: Generating report for test outcome: Regiter to imdb test:tegisterToImdb
25834 [pool-5-thread-1] INFO net.thucydides.core.reports.ReportService - Report generated for Regiter to imdb test:tegisterToImdb
25882 [main] INFO net.thucydides.core.reports.ReportService - Reports generated in: 54
25882 [main] INFO net.thucydides.core.reports.ReportService - Generating reports using: net.thucydides.core.reports.html.HtmlAcceptanceTestReporter@14f40030
25882 [main] INFO net.thucydides.core.reports.junit.JUnitXMLOutcomeReporter - GENERATING JUNIT REPORTS
25882 [pool-6-thread-1] INFO net.thucydides.core.reports.ReportService - Processing test outcome Regiter to imdb test:tegisterToImdb
25882 [main] INFO net.thucydides.core.reports.junit.JUnitXMLOutcomeReporter - GENERATING JUNIT REPORT SERENITY-JUNIT-260479227b297e5cbbe19b86aa0233521b84a169e7c9f70ea2005993281a53ca.xml
25882 [pool-6-thread-1] INFO net.thucydides.core.reports.ReportService - net.thucydides.core.reports.html.HtmlAcceptanceTestReporter@14f40030: Generating report for test outcome: Regiter to imdb test:tegisterToImdb
25888 [pool-6-thread-1] INFO net.thucydides.core.reports.html.screenshots.ScreenshotFormatter - Resizing image target\site\serenity\878503e3822047a40352c32b9910a46f_NONE.png
25890 [pool-6-thread-1] INFO net.thucydides.core.reports.html.screenshots.ScreenshotFormatter - Scaled image saved to target\site\serenity\scaled_878503e3822047a40352c32b9910a46f_NONE.png
25890 [pool-6-thread-1] INFO net.thucydides.core.reports.html.screenshots.ScreenshotFormatter - Replace original screenshot with scaled version
25891 [pool-6-thread-1] INFO net.thucydides.core.reports.html.screenshots.ScreenshotFormatter - Resizing image target\site\serenity\15d9d248fcc20e154f81f31d9c91003f_NONE.png
25894 [pool-6-thread-1] INFO net.thucydides.core.reports.html.screenshots.ScreenshotFormatter - Scaled image saved to target\site\serenity\scaled_15d9d248fcc20e154f81f31d9c91003f_NONE.png
25895 [pool-6-thread-1] INFO net.thucydides.core.reports.html.screenshots.ScreenshotFormatter - Replace original screenshot with scaled version
26149 [pool-6-thread-1] INFO net.thucydides.core.reports.html.HtmlAcceptanceTestReporter - GENERATING HTML REPORT FOR Regiter to imdb test:tegisterToImdb =&gt; 260479227b297e5cbbe19b86aa0233521b84a169e7c9f70ea2005993281a53ca.html
26158 [pool-6-thread-1] INFO net.thucydides.core.reports.ReportService - Report generated for Regiter to imdb test:tegisterToImdb
26187 [main] INFO net.thucydides.core.reports.ReportService - Reports generated in: 305
Iun 20, 2015 6:11:21 AM org.openqa.selenium.os.UnixProcess$SeleniumWatchDog destroyHarder
INFO: Command failed to close cleanly. Destroying forcefully (v2). org.openqa.selenium.os.UnixProcess$SeleniumWatchDog@410ae5ac
26707 [main] INFO net.serenitybdd.core.Serenity - Test Suite Started: Search on imdb test
26707 [main] INFO net.serenitybdd.core.Serenity - 
  _____ _____ ____ _____   ____ _____  _    ____ _____ _____ ____  
 |_   _| ____/ ___|_   _| / ___|_   _|/ \  |  _ \_   _| ____|  _ \ 
   | | |  _| \___ \ | |   \___ \ | | / _ \ | |_) || | |  _| | | | |
   | | | |___ ___) || |    ___) || |/ ___ \|  _ &lt; | | | |___| |_| |
   |_| |_____|____/ |_|   |____/ |_/_/   \_\_| \_\|_| |_____|____/ 
                                                                   

TEST STARTED: searchByKeyword
--------------------------------------------------------------------
26707 [main] INFO net.serenitybdd.core.Serenity - TEST NUMBER: 3
34422 [main] INFO net.thucydides.core.steps.StepInterceptor - STARTING STEP: SearchOnImdbTest.searchByKeyword - searchForKeyword
38036 [Screenshot Processor] INFO net.thucydides.core.screenshots.SingleThreadScreenshotProcessor - Processing screenshot: C:\Users\Remus\AppData\Local\Temp\screenshot3342819549344997702
38036 [main] INFO net.thucydides.core.steps.StepInterceptor - STEP DONE: searchForKeyword
38039 [main] INFO net.thucydides.core.steps.StepInterceptor - STARTING STEP: SearchOnImdbTest.searchByKeyword - verifyIfSearchResultContains
38041 [Screenshot Processor] INFO net.thucydides.core.screenshots.SingleThreadScreenshotProcessor - Processing screenshot completed
38812 [main] INFO net.thucydides.core.screenshots.Photographer - Failed to quickly delete screenshot screenshot1547285055761027960 : C:\Users\Remus\AppData\Local\Temp\screenshot1547285055761027960: The process cannot access the file because it is being used by another process.

38812 [main] INFO net.thucydides.core.steps.StepInterceptor - STEP DONE: verifyIfSearchResultContains
38814 [main] INFO net.thucydides.core.steps.StepInterceptor - STARTING STEP: SearchOnImdbTest.searchByKeyword - verifyIfSearchResultsContain
40032 [main] INFO net.thucydides.core.screenshots.Photographer - Failed to quickly delete screenshot screenshot2139852682661536194 : C:\Users\Remus\AppData\Local\Temp\screenshot2139852682661536194: The process cannot access the file because it is being used by another process.

40034 [main] INFO net.thucydides.core.steps.StepInterceptor - STEP FAILED: verifyIfSearchResultsContain - 
Expecting:
 &lt;&quot;Act Super Naturally&quot;&gt;
to contain:
 &lt;&quot;supernatural&quot;&gt;
 (ignoring case)
40036 [main] INFO net.serenitybdd.core.Serenity - 
           __  _____ _____ ____ _____   _____ _    ___ _     _____ ____  
  _       / / |_   _| ____/ ___|_   _| |  ___/ \  |_ _| |   | ____|  _ \ 
 (_)_____| |    | | |  _| \___ \ | |   | |_ / _ \  | || |   |  _| | | | |
  _|_____| |    | | | |___ ___) || |   |  _/ ___ \ | || |___| |___| |_| |
 (_)     | |    |_| |_____|____/ |_|   |_|/_/   \_\___|_____|_____|____/ 
          \_\                                                            

TEST FAILED: Search by keyword
--------------------------------------------------------------------------
40036 [main] INFO net.serenitybdd.core.Serenity - RELATED ISSUES: 
</system-err>
  </testcase>
</testsuite>